<?xml version="1.0" encoding="UTF-8"?>
<!-- Generated by org.testng.reporters.JUnitXMLReporter -->
<testsuite ignored="0" hostname="Hanumant" failures="0" tests="6" name="Test" time="0.046" errors="0" timestamp="2022-11-09T18:01:22 IST">
  <testcase classname="com.actitime.testscript.CustomerModule2" name="deleteCustomer" time="0.005"/>
  <testcase classname="com.actitime.testscript.CustomerModule2" name="registerCustomer" time="0.001"/>
  <testcase classname="com.actitime.testscript.CustomerModule2" name="editCustomer" time="0.001"/>
  <testcase classname="com.actitime.testscript.CustomerModule2" name="editCustomer" time="0.001"/>
  <testcase classname="com.actitime.testscript.CustomerModule" name="createCustomer" time="0.001"/>
  <testcase classname="com.actitime.testscript.CustomerModule" name="deleteCustomer" time="0.0"/>
</testsuite> <!-- Test -->
